\BOOKMARK [1][-]{section.0.1}{}{}% 1
\BOOKMARK [2][-]{subsection.0.1.1}{ \040 \040C}{section.0.1}% 2
\BOOKMARK [2][-]{subsection.0.1.2}{ }{section.0.1}% 3
\BOOKMARK [2][-]{subsection.0.1.3}{ }{section.0.1}% 4
\BOOKMARK [2][-]{subsection.0.1.4}{}{section.0.1}% 5
\BOOKMARK [2][-]{subsection.0.1.5}{ , \040 }{section.0.1}% 6
\BOOKMARK [1][-]{section.0.2}{}{}% 7
\BOOKMARK [2][-]{subsection.0.2.1}{ \040 \040C}{section.0.2}% 8
\BOOKMARK [2][-]{subsection.0.2.2}{try/catch/throw}{section.0.2}% 9
\BOOKMARK [2][-]{subsection.0.2.3}{ RAII}{section.0.2}% 10
\BOOKMARK [2][-]{subsection.0.2.4}{}{section.0.2}% 11
\BOOKMARK [1][-]{section.0.3}{- \040++}{}% 12
\BOOKMARK [2][-]{subsection.0.3.1}{ }{section.0.3}% 13
\BOOKMARK [2][-]{subsection.0.3.2}{ }{section.0.3}% 14
\BOOKMARK [2][-]{subsection.0.3.3}{ }{section.0.3}% 15
\BOOKMARK [2][-]{subsection.0.3.4}{- \040}{section.0.3}% 16
\BOOKMARK [1][-]{section.0.4}{ }{}% 17
\BOOKMARK [2][-]{subsection.0.4.1}{ \040 C}{section.0.4}% 18
\BOOKMARK [2][-]{subsection.0.4.2}{ \040 C++}{section.0.4}% 19
\BOOKMARK [2][-]{subsection.0.4.3}{ RTTI \(Run-Time Type Information\)}{section.0.4}% 20
\BOOKMARK [1][-]{section.0.5}{ }{}% 21
\BOOKMARK [2][-]{subsection.0.5.1}{string, vector, list}{section.0.5}% 22
\BOOKMARK [2][-]{subsection.0.5.2}{}{section.0.5}% 23
\BOOKMARK [1][-]{section.0.6}{ }{}% 24
\BOOKMARK [2][-]{subsection.0.6.1}{set, multiset}{section.0.6}% 25
\BOOKMARK [2][-]{subsection.0.6.2}{map, multimap}{section.0.6}% 26
\BOOKMARK [2][-]{subsection.0.6.3}{unordered\137map, unordered\137set}{section.0.6}% 27
\BOOKMARK [2][-]{subsection.0.6.4}{}{section.0.6}% 28
\BOOKMARK [2][-]{subsection.0.6.5}{ }{section.0.6}% 29
\BOOKMARK [1][-]{section.0.7}{}{}% 30
\BOOKMARK [2][-]{subsection.0.7.1}{}{section.0.7}% 31
\BOOKMARK [2][-]{subsection.0.7.2}{}{section.0.7}% 32
\BOOKMARK [1][-]{section.0.8}{ \040 }{}% 33
\BOOKMARK [1][-]{section.0.9}{++11. .}{}% 34
\BOOKMARK [2][-]{subsection.0.9.1}{ }{section.0.9}% 35
\BOOKMARK [2][-]{subsection.0.9.2}{lambda}{section.0.9}% 36
\BOOKMARK [2][-]{subsection.0.9.3}{initializer\137list}{section.0.9}% 37
\BOOKMARK [2][-]{subsection.0.9.4}{unique\137ptr, shared\137ptr}{section.0.9}% 38
\BOOKMARK [1][-]{section.0.10}{move }{}% 39
\BOOKMARK [2][-]{subsection.0.10.1}{lvalue \040rvalue}{section.0.10}% 40
\BOOKMARK [2][-]{subsection.0.10.2}{move}{section.0.10}% 41
\BOOKMARK [2][-]{subsection.0.10.3}{std::move}{section.0.10}% 42
\BOOKMARK [1][-]{section.0.11}{ - I}{}% 43
\BOOKMARK [2][-]{subsection.0.11.1}{constexpr}{section.0.11}% 44
\BOOKMARK [2][-]{subsection.0.11.2}{static\137assert}{section.0.11}% 45
\BOOKMARK [2][-]{subsection.0.11.3}{template alias}{section.0.11}% 46
\BOOKMARK [2][-]{subsection.0.11.4}{SFINAE}{section.0.11}% 47
\BOOKMARK [2][-]{subsection.0.11.5}{ \040 }{section.0.11}% 48
\BOOKMARK [1][-]{section.0.12}{ - II}{}% 49
\BOOKMARK [2][-]{subsection.0.12.1}{ \040 \040 }{section.0.12}% 50
\BOOKMARK [2][-]{subsection.0.12.2}{Variadic template}{section.0.12}% 51
\BOOKMARK [2][-]{subsection.0.12.3}{ \040 \040++11}{section.0.12}% 52
\BOOKMARK [2][-]{subsection.0.12.4}{std::function}{section.0.12}% 53
\BOOKMARK [2][-]{subsection.0.12.5}{std::bind}{section.0.12}% 54
\BOOKMARK [2][-]{subsection.0.12.6}{placeholder}{section.0.12}% 55
\BOOKMARK [1][-]{section.0.13}{ }{}% 56
\BOOKMARK [2][-]{subsection.0.13.1}{}{section.0.13}% 57
\BOOKMARK [2][-]{subsection.0.13.2}{Race conditions}{section.0.13}% 58
\BOOKMARK [2][-]{subsection.0.13.3}{ }{section.0.13}% 59
